{
  "stats": {
    "suites": 2,
    "tests": 2,
    "passes": 2,
    "pending": 0,
    "failures": 0,
    "start": "2022-07-11T04:14:41.840Z",
    "end": "2022-07-11T04:14:42.716Z",
    "duration": 876,
    "testsRegistered": 2,
    "passPercent": 100,
    "pendingPercent": 0,
    "other": 0,
    "hasOther": false,
    "skipped": 0,
    "hasSkipped": false
  },
  "results": [
    {
      "uuid": "39a4d522-9c4c-42bb-87f7-1436db451c70",
      "title": "",
      "fullFile": "",
      "file": "",
      "beforeHooks": [],
      "afterHooks": [],
      "tests": [],
      "suites": [
        {
          "uuid": "9c90e30d-e691-453a-8e1a-6448917bece6",
          "title": "Teste de Api do tipo de requisição GET do Time - Teste 1 TODOS userID",
          "fullFile": "D:\\repos\\pactumjs\\src\\api\\test\\api.spec.js",
          "file": "\\src\\api\\test\\api.spec.js",
          "beforeHooks": [
            {
              "title": "\"before all\" hook in \"Teste de Api do tipo de requisição GET do Time - Teste 1 TODOS userID\"",
              "fullTitle": "Teste de Api do tipo de requisição GET do Time - Teste 1 TODOS userID \"before all\" hook in \"Teste de Api do tipo de requisição GET do Time - Teste 1 TODOS userID\"",
              "timedOut": false,
              "duration": 0,
              "state": null,
              "speed": null,
              "pass": false,
              "fail": false,
              "pending": false,
              "context": null,
              "code": "request.setBaseUrl(config.baseurl);\nreporter.add(awesome_reporter);",
              "err": {},
              "uuid": "dd5ae22f-1362-4d7d-9954-9bd1cc517494",
              "parentUUID": "9c90e30d-e691-453a-8e1a-6448917bece6",
              "isHook": true,
              "skipped": false
            },
            {
              "title": "\"before each\" hook in \"Teste de Api do tipo de requisição GET do Time - Teste 1 TODOS userID\"",
              "fullTitle": "Teste de Api do tipo de requisição GET do Time - Teste 1 TODOS userID \"before each\" hook in \"Teste de Api do tipo de requisição GET do Time - Teste 1 TODOS userID\"",
              "timedOut": false,
              "duration": 0,
              "state": null,
              "speed": null,
              "pass": false,
              "fail": false,
              "pending": false,
              "context": null,
              "code": "// const _spec = spec();\ntest.records(\"mocha\", this);",
              "err": {},
              "uuid": "3f4c7578-3827-44bb-8ddd-8dbd3aab81a5",
              "parentUUID": "9c90e30d-e691-453a-8e1a-6448917bece6",
              "isHook": true,
              "skipped": false
            }
          ],
          "afterHooks": [],
          "tests": [
            {
              "title": "Iniciando a request da api - jsonplaceholder",
              "fullTitle": "Teste de Api do tipo de requisição GET do Time - Teste 1 TODOS userID Iniciando a request da api - jsonplaceholder",
              "timedOut": false,
              "duration": 533,
              "state": "passed",
              "speed": "slow",
              "pass": true,
              "fail": false,
              "pending": false,
              "context": "[\n  {\n    \"title\": \"Request\",\n    \"value\": {\n      \"url\": \"https://jsonplaceholder.typicode.com/todos/1?=\",\n      \"method\": \"GET\",\n      \"path\": \"/todos/{userId}\",\n      \"pathParams\": {\n        \"userId\": 1\n      },\n      \"queryParams\": {\n        \"\": \"\"\n      },\n      \"headers\": {\n        \"Content-Type\": \"application/json\",\n        \"Accept\": \"application/json\"\n      }\n    }\n  },\n  {\n    \"title\": \"Response\",\n    \"value\": {\n      \"statusCode\": 200,\n      \"headers\": {\n        \"date\": \"Mon, 11 Jul 2022 04:14:41 GMT\",\n        \"content-type\": \"application/json; charset=utf-8\",\n        \"content-length\": \"83\",\n        \"connection\": \"close\",\n        \"x-powered-by\": \"Express\",\n        \"x-ratelimit-limit\": \"1000\",\n        \"x-ratelimit-remaining\": \"999\",\n        \"x-ratelimit-reset\": \"1657512882\",\n        \"vary\": \"Origin, Accept-Encoding\",\n        \"access-control-allow-credentials\": \"true\",\n        \"cache-control\": \"no-cache\",\n        \"pragma\": \"no-cache\",\n        \"expires\": \"-1\",\n        \"x-content-type-options\": \"nosniff\",\n        \"etag\": \"W/\\\"53-hfEnumeNh6YirfjyjaujcOPPT+s\\\"\",\n        \"via\": \"1.1 vegur\",\n        \"cf-cache-status\": \"BYPASS\",\n        \"accept-ranges\": \"bytes\",\n        \"expect-ct\": \"max-age=604800, report-uri=\\\"https://report-uri.cloudflare.com/cdn-cgi/beacon/expect-ct\\\"\",\n        \"report-to\": \"{\\\"endpoints\\\":[{\\\"url\\\":\\\"https:\\\\/\\\\/a.nel.cloudflare.com\\\\/report\\\\/v3?s=QXahoopMKJvZZPl4He7qRrPKbkiGhBVVn8dnfb41EI%2F4k1UY6ZGYEabx3TqEOUoKa8rx4pzOXIMqwp6Nx%2B%2B7wBna8eO5%2FrVmI9p7DaP%2BN1qfsKNTONedDvKyM2NZF3eUJJd5BwEKdczO4CbxSVEwFq9vRq95faaf1jMX\\\"}],\\\"group\\\":\\\"cf-nel\\\",\\\"max_age\\\":604800}\",\n        \"nel\": \"{\\\"success_fraction\\\":0,\\\"report_to\\\":\\\"cf-nel\\\",\\\"max_age\\\":604800}\",\n        \"server\": \"cloudflare\",\n        \"cf-ray\": \"728eb6b149f5a559-GRU\",\n        \"alt-svc\": \"h3=\\\":443\\\"; ma=86400, h3-29=\\\":443\\\"; ma=86400\"\n      },\n      \"body\": {\n        \"userId\": 1,\n        \"id\": 1,\n        \"title\": \"delectus aut autem\",\n        \"completed\": false\n      },\n      \"responseTime\": 528\n    }\n  }\n]",
              "code": "await test\n    .withPath(config.Path)\n    .withMethod(config.Method)\n    .withQueryParams(config.QueryParams)\n    .withHeaders(config.Headers)\n    .withPathParams(config.PathParams)\n    .withAuth(config.user, config.pass)\n    .expectStatus(config.Status)\n    .expectJsonLike(config.JsonLike);",
              "err": {},
              "uuid": "0f48edb9-ef41-474b-a0d6-5892f6281c33",
              "parentUUID": "9c90e30d-e691-453a-8e1a-6448917bece6",
              "isHook": false,
              "skipped": false
            }
          ],
          "suites": [],
          "passes": [
            "0f48edb9-ef41-474b-a0d6-5892f6281c33"
          ],
          "failures": [],
          "pending": [],
          "skipped": [],
          "duration": 533,
          "root": false,
          "rootEmpty": false,
          "_timeout": 90000
        },
        {
          "uuid": "3d9f5031-2346-4eba-ac94-329e1d63934f",
          "title": "Teste de Api do tipo de requisição GET do Time - Teste 2 TODOS userID",
          "fullFile": "D:\\repos\\pactumjs\\src\\api\\test\\api.spec.js",
          "file": "\\src\\api\\test\\api.spec.js",
          "beforeHooks": [
            {
              "title": "\"before all\" hook in \"Teste de Api do tipo de requisição GET do Time - Teste 2 TODOS userID\"",
              "fullTitle": "Teste de Api do tipo de requisição GET do Time - Teste 2 TODOS userID \"before all\" hook in \"Teste de Api do tipo de requisição GET do Time - Teste 2 TODOS userID\"",
              "timedOut": false,
              "duration": 0,
              "state": null,
              "speed": null,
              "pass": false,
              "fail": false,
              "pending": false,
              "context": null,
              "code": "request.setBaseUrl(config.baseurl);\nreporter.add(awesome_reporter);",
              "err": {},
              "uuid": "fb96862a-c0e0-4e58-b912-1f6ade7d7856",
              "parentUUID": "3d9f5031-2346-4eba-ac94-329e1d63934f",
              "isHook": true,
              "skipped": false
            },
            {
              "title": "\"before each\" hook in \"Teste de Api do tipo de requisição GET do Time - Teste 2 TODOS userID\"",
              "fullTitle": "Teste de Api do tipo de requisição GET do Time - Teste 2 TODOS userID \"before each\" hook in \"Teste de Api do tipo de requisição GET do Time - Teste 2 TODOS userID\"",
              "timedOut": false,
              "duration": 0,
              "state": null,
              "speed": null,
              "pass": false,
              "fail": false,
              "pending": false,
              "context": null,
              "code": "// const _spec = spec();\ntest.records(\"mocha\", this);",
              "err": {},
              "uuid": "b06e5fdf-6b02-42eb-b3f4-7354ae01d23f",
              "parentUUID": "3d9f5031-2346-4eba-ac94-329e1d63934f",
              "isHook": true,
              "skipped": false
            }
          ],
          "afterHooks": [],
          "tests": [
            {
              "title": "Iniciando a request da api - jsonplaceholder",
              "fullTitle": "Teste de Api do tipo de requisição GET do Time - Teste 2 TODOS userID Iniciando a request da api - jsonplaceholder",
              "timedOut": false,
              "duration": 329,
              "state": "passed",
              "speed": "slow",
              "pass": true,
              "fail": false,
              "pending": false,
              "context": "[\n  {\n    \"title\": \"Request\",\n    \"value\": {\n      \"url\": \"https://jsonplaceholder.typicode.com/todos/1?=\",\n      \"method\": \"GET\",\n      \"path\": \"/todos/{userId}\",\n      \"pathParams\": {\n        \"userId\": 1\n      },\n      \"queryParams\": {\n        \"\": \"\"\n      },\n      \"headers\": {\n        \"Content-Type\": \"application/json\",\n        \"Accept\": \"application/json\"\n      }\n    }\n  },\n  {\n    \"title\": \"Response\",\n    \"value\": {\n      \"statusCode\": 200,\n      \"headers\": {\n        \"date\": \"Mon, 11 Jul 2022 04:14:41 GMT\",\n        \"content-type\": \"application/json; charset=utf-8\",\n        \"content-length\": \"83\",\n        \"connection\": \"close\",\n        \"x-powered-by\": \"Express\",\n        \"x-ratelimit-limit\": \"1000\",\n        \"x-ratelimit-remaining\": \"998\",\n        \"x-ratelimit-reset\": \"1657512882\",\n        \"vary\": \"Origin, Accept-Encoding\",\n        \"access-control-allow-credentials\": \"true\",\n        \"cache-control\": \"no-cache\",\n        \"pragma\": \"no-cache\",\n        \"expires\": \"-1\",\n        \"x-content-type-options\": \"nosniff\",\n        \"etag\": \"W/\\\"53-hfEnumeNh6YirfjyjaujcOPPT+s\\\"\",\n        \"via\": \"1.1 vegur\",\n        \"cf-cache-status\": \"BYPASS\",\n        \"accept-ranges\": \"bytes\",\n        \"expect-ct\": \"max-age=604800, report-uri=\\\"https://report-uri.cloudflare.com/cdn-cgi/beacon/expect-ct\\\"\",\n        \"report-to\": \"{\\\"endpoints\\\":[{\\\"url\\\":\\\"https:\\\\/\\\\/a.nel.cloudflare.com\\\\/report\\\\/v3?s=9ASzA3VvmOUnbNrfeS0sdu6z%2B7bZhBanLxWUds9f3T0sWyHAQHGIyeOhqyRL34ma9GltOeOsbV1B0Da1nz2t8L4yZDBo5Q181rRZOVW4X1jgknxIaDk4YueppD7wLOfu89QCSPmxSPqCWkMxEJMhFspyZyThKsAnRXDi\\\"}],\\\"group\\\":\\\"cf-nel\\\",\\\"max_age\\\":604800}\",\n        \"nel\": \"{\\\"success_fraction\\\":0,\\\"report_to\\\":\\\"cf-nel\\\",\\\"max_age\\\":604800}\",\n        \"server\": \"cloudflare\",\n        \"cf-ray\": \"728eb6b35c6fa51a-GRU\",\n        \"alt-svc\": \"h3=\\\":443\\\"; ma=86400, h3-29=\\\":443\\\"; ma=86400\"\n      },\n      \"body\": {\n        \"userId\": 1,\n        \"id\": 1,\n        \"title\": \"delectus aut autem\",\n        \"completed\": false\n      },\n      \"responseTime\": 328\n    }\n  },\n  {\n    \"title\": \"Request\",\n    \"value\": {\n      \"url\": \"https://jsonplaceholder.typicode.com/todos/1?=\",\n      \"method\": \"GET\",\n      \"path\": \"/todos/{userId}\",\n      \"pathParams\": {\n        \"userId\": 1\n      },\n      \"queryParams\": {\n        \"\": \"\"\n      },\n      \"headers\": {\n        \"Content-Type\": \"application/json\",\n        \"Accept\": \"application/json\"\n      }\n    }\n  },\n  {\n    \"title\": \"Response\",\n    \"value\": {\n      \"statusCode\": 200,\n      \"headers\": {\n        \"date\": \"Mon, 11 Jul 2022 04:14:41 GMT\",\n        \"content-type\": \"application/json; charset=utf-8\",\n        \"content-length\": \"83\",\n        \"connection\": \"close\",\n        \"x-powered-by\": \"Express\",\n        \"x-ratelimit-limit\": \"1000\",\n        \"x-ratelimit-remaining\": \"998\",\n        \"x-ratelimit-reset\": \"1657512882\",\n        \"vary\": \"Origin, Accept-Encoding\",\n        \"access-control-allow-credentials\": \"true\",\n        \"cache-control\": \"no-cache\",\n        \"pragma\": \"no-cache\",\n        \"expires\": \"-1\",\n        \"x-content-type-options\": \"nosniff\",\n        \"etag\": \"W/\\\"53-hfEnumeNh6YirfjyjaujcOPPT+s\\\"\",\n        \"via\": \"1.1 vegur\",\n        \"cf-cache-status\": \"BYPASS\",\n        \"accept-ranges\": \"bytes\",\n        \"expect-ct\": \"max-age=604800, report-uri=\\\"https://report-uri.cloudflare.com/cdn-cgi/beacon/expect-ct\\\"\",\n        \"report-to\": \"{\\\"endpoints\\\":[{\\\"url\\\":\\\"https:\\\\/\\\\/a.nel.cloudflare.com\\\\/report\\\\/v3?s=9ASzA3VvmOUnbNrfeS0sdu6z%2B7bZhBanLxWUds9f3T0sWyHAQHGIyeOhqyRL34ma9GltOeOsbV1B0Da1nz2t8L4yZDBo5Q181rRZOVW4X1jgknxIaDk4YueppD7wLOfu89QCSPmxSPqCWkMxEJMhFspyZyThKsAnRXDi\\\"}],\\\"group\\\":\\\"cf-nel\\\",\\\"max_age\\\":604800}\",\n        \"nel\": \"{\\\"success_fraction\\\":0,\\\"report_to\\\":\\\"cf-nel\\\",\\\"max_age\\\":604800}\",\n        \"server\": \"cloudflare\",\n        \"cf-ray\": \"728eb6b35c6fa51a-GRU\",\n        \"alt-svc\": \"h3=\\\":443\\\"; ma=86400, h3-29=\\\":443\\\"; ma=86400\"\n      },\n      \"body\": {\n        \"userId\": 1,\n        \"id\": 1,\n        \"title\": \"delectus aut autem\",\n        \"completed\": false\n      },\n      \"responseTime\": 328\n    }\n  }\n]",
              "code": "await test\n    .withPath(config.Path)\n    .withMethod(config.Method)\n    .withQueryParams(config.QueryParams)\n    .withHeaders(config.Headers)\n    .withPathParams(config.PathParams)\n    .withAuth(config.user, config.pass)\n    .expectStatus(config.Status)\n    .expectJsonLike(config.JsonLike);",
              "err": {},
              "uuid": "a0078a5f-a8d4-4bcd-8e63-fa9a5c67bc64",
              "parentUUID": "3d9f5031-2346-4eba-ac94-329e1d63934f",
              "isHook": false,
              "skipped": false
            }
          ],
          "suites": [],
          "passes": [
            "a0078a5f-a8d4-4bcd-8e63-fa9a5c67bc64"
          ],
          "failures": [],
          "pending": [],
          "skipped": [],
          "duration": 329,
          "root": false,
          "rootEmpty": false,
          "_timeout": 90000
        }
      ],
      "passes": [],
      "failures": [],
      "pending": [],
      "skipped": [],
      "duration": 0,
      "root": true,
      "rootEmpty": true,
      "_timeout": 90000
    }
  ],
  "meta": {
    "mocha": {
      "version": "10.0.0"
    },
    "mochawesome": {
      "options": {
        "quiet": false,
        "reportFilename": "mochawesome",
        "saveHtml": true,
        "saveJson": true,
        "consoleReporter": "spec",
        "useInlineDiffs": false,
        "code": true
      },
      "version": "7.1.3"
    },
    "marge": {
      "options": null,
      "version": "6.2.0"
    }
  }
}